0 info it worked if it ends with ok
1 verbose cli [ '/usr/local/bin/node', '/usr/local/bin/npm', 'install' ]
2 info using npm@3.10.9
3 info using node@v6.9.2
4 silly loadCurrentTree Starting
5 silly install loadCurrentTree
6 silly install readLocalPackageData
7 silly install normalizeTree
8 silly loadCurrentTree Finishing
9 silly loadIdealTree Starting
10 silly install loadIdealTree
11 silly cloneCurrentTree Starting
12 silly install cloneCurrentTreeToIdealTree
13 silly cloneCurrentTree Finishing
14 silly loadShrinkwrap Starting
15 silly install loadShrinkwrap
16 silly loadShrinkwrap Finishing
17 silly loadAllDepsIntoIdealTree Starting
18 silly install loadAllDepsIntoIdealTree
19 silly fetchNamedPackageData winston
20 silly mapToRegistry name winston
21 silly mapToRegistry using default registry
22 silly mapToRegistry registry https://registry.npmjs.org/
23 silly mapToRegistry data Result {
23 silly mapToRegistry   raw: 'winston',
23 silly mapToRegistry   scope: null,
23 silly mapToRegistry   escapedName: 'winston',
23 silly mapToRegistry   name: 'winston',
23 silly mapToRegistry   rawSpec: '',
23 silly mapToRegistry   spec: 'latest',
23 silly mapToRegistry   type: 'tag' }
24 silly mapToRegistry uri https://registry.npmjs.org/winston
25 silly fetchNamedPackageData underscore
26 silly mapToRegistry name underscore
27 silly mapToRegistry using default registry
28 silly mapToRegistry registry https://registry.npmjs.org/
29 silly mapToRegistry data Result {
29 silly mapToRegistry   raw: 'underscore',
29 silly mapToRegistry   scope: null,
29 silly mapToRegistry   escapedName: 'underscore',
29 silly mapToRegistry   name: 'underscore',
29 silly mapToRegistry   rawSpec: '',
29 silly mapToRegistry   spec: 'latest',
29 silly mapToRegistry   type: 'tag' }
30 silly mapToRegistry uri https://registry.npmjs.org/underscore
31 verbose request uri https://registry.npmjs.org/underscore
32 verbose request no auth needed
33 info attempt registry request try #1 at 6:26:15 PM
34 verbose request using bearer token for auth
35 verbose request id 6e92af248e9793b6
36 verbose etag W/"5989a8be-aeac"
37 verbose lastModified Tue, 08 Aug 2017 12:04:14 GMT
38 http request GET https://registry.npmjs.org/underscore
39 verbose request uri https://registry.npmjs.org/winston
40 verbose request no auth needed
41 info attempt registry request try #1 at 6:26:15 PM
42 verbose request using bearer token for auth
43 verbose etag W/"59898cd9-15f77"
44 verbose lastModified Tue, 08 Aug 2017 10:05:13 GMT
45 http request GET https://registry.npmjs.org/winston
46 http 304 https://registry.npmjs.org/winston
47 verbose headers { server: 'nginx/1.10.1',
47 verbose headers   'last-modified': 'Tue, 08 Aug 2017 10:05:13 GMT',
47 verbose headers   etag: '"59898cd9-15f77"',
47 verbose headers   'cache-control': 'max-age=300',
47 verbose headers   'accept-ranges': 'bytes',
47 verbose headers   date: 'Tue, 08 Aug 2017 23:26:15 GMT',
47 verbose headers   via: '1.1 varnish',
47 verbose headers   connection: 'keep-alive',
47 verbose headers   'x-served-by': 'cache-dfw1827-DFW',
47 verbose headers   'x-cache': 'MISS',
47 verbose headers   'x-cache-hits': '0',
47 verbose headers   'x-timer': 'S1502234776.663082,VS0,VE33',
47 verbose headers   vary: 'Accept-Encoding, Accept' }
48 silly get cb [ 304,
48 silly get   { server: 'nginx/1.10.1',
48 silly get     'last-modified': 'Tue, 08 Aug 2017 10:05:13 GMT',
48 silly get     etag: '"59898cd9-15f77"',
48 silly get     'cache-control': 'max-age=300',
48 silly get     'accept-ranges': 'bytes',
48 silly get     date: 'Tue, 08 Aug 2017 23:26:15 GMT',
48 silly get     via: '1.1 varnish',
48 silly get     connection: 'keep-alive',
48 silly get     'x-served-by': 'cache-dfw1827-DFW',
48 silly get     'x-cache': 'MISS',
48 silly get     'x-cache-hits': '0',
48 silly get     'x-timer': 'S1502234776.663082,VS0,VE33',
48 silly get     vary: 'Accept-Encoding, Accept' } ]
49 verbose etag https://registry.npmjs.org/winston from cache
50 verbose get saving winston to /Users/kcenturion/.npm/registry.npmjs.org/winston/.cache.json
51 verbose correctMkdir /Users/kcenturion/.npm correctMkdir not in flight; initializing
52 silly resolveWithNewModule winston@2.3.1 checking installable status
53 silly cache add args [ 'winston@^2.1.1', null ]
54 verbose cache add spec winston@^2.1.1
55 silly cache add parsed spec Result {
55 silly cache add   raw: 'winston@^2.1.1',
55 silly cache add   scope: null,
55 silly cache add   escapedName: 'winston',
55 silly cache add   name: 'winston',
55 silly cache add   rawSpec: '^2.1.1',
55 silly cache add   spec: '>=2.1.1 <3.0.0',
55 silly cache add   type: 'range' }
56 silly addNamed winston@>=2.1.1 <3.0.0
57 verbose addNamed ">=2.1.1 <3.0.0" is a valid semver range for winston
58 silly addNameRange { name: 'winston', range: '>=2.1.1 <3.0.0', hasData: false }
59 silly mapToRegistry name winston
60 silly mapToRegistry using default registry
61 silly mapToRegistry registry https://registry.npmjs.org/
62 silly mapToRegistry data Result {
62 silly mapToRegistry   raw: 'winston',
62 silly mapToRegistry   scope: null,
62 silly mapToRegistry   escapedName: 'winston',
62 silly mapToRegistry   name: 'winston',
62 silly mapToRegistry   rawSpec: '',
62 silly mapToRegistry   spec: 'latest',
62 silly mapToRegistry   type: 'tag' }
63 silly mapToRegistry uri https://registry.npmjs.org/winston
64 verbose addNameRange registry:https://registry.npmjs.org/winston not in flight; fetching
65 verbose get https://registry.npmjs.org/winston not expired, no request
66 silly addNameRange number 2 { name: 'winston', range: '>=2.1.1 <3.0.0', hasData: true }
67 silly addNameRange versions [ 'winston',
67 silly addNameRange   [ '0.2.11',
67 silly addNameRange     '0.3.3',
67 silly addNameRange     '0.3.4',
67 silly addNameRange     '0.3.5',
67 silly addNameRange     '0.4.0',
67 silly addNameRange     '0.4.1',
67 silly addNameRange     '0.5.0',
67 silly addNameRange     '0.5.1',
67 silly addNameRange     '0.5.2',
67 silly addNameRange     '0.5.3',
67 silly addNameRange     '0.5.4',
67 silly addNameRange     '0.5.5',
67 silly addNameRange     '0.5.6',
67 silly addNameRange     '0.5.7',
67 silly addNameRange     '0.5.8',
67 silly addNameRange     '0.5.9',
67 silly addNameRange     '0.5.10',
67 silly addNameRange     '0.5.11',
67 silly addNameRange     '0.6.1',
67 silly addNameRange     '0.6.2',
67 silly addNameRange     '0.7.0',
67 silly addNameRange     '0.7.1',
67 silly addNameRange     '0.7.2',
67 silly addNameRange     '0.7.3',
67 silly addNameRange     '0.8.0',
67 silly addNameRange     '0.8.1',
67 silly addNameRange     '0.8.2',
67 silly addNameRange     '0.8.3',
67 silly addNameRange     '0.9.0',
67 silly addNameRange     '1.0.0',
67 silly addNameRange     '1.0.1',
67 silly addNameRange     '1.0.2',
67 silly addNameRange     '1.1.0',
67 silly addNameRange     '1.1.1',
67 silly addNameRange     '1.1.2',
67 silly addNameRange     '2.0.0',
67 silly addNameRange     '2.0.1',
67 silly addNameRange     '2.1.0',
67 silly addNameRange     '2.1.1',
67 silly addNameRange     '2.2.0',
67 silly addNameRange     '2.3.0',
67 silly addNameRange     '2.3.1' ] ]
68 silly addNamed winston@2.3.1
69 verbose addNamed "2.3.1" is a plain semver version for winston
70 http 200 https://registry.npmjs.org/underscore
71 verbose headers { server: 'nginx/1.10.1',
71 verbose headers   'content-type': 'application/json',
71 verbose headers   'last-modified': 'Tue, 08 Aug 2017 22:55:56 GMT',
71 verbose headers   etag: 'W/"598a417c-aebf"',
71 verbose headers   'content-encoding': 'gzip',
71 verbose headers   'cache-control': 'max-age=300',
71 verbose headers   'transfer-encoding': 'chunked',
71 verbose headers   'accept-ranges': 'bytes',
71 verbose headers   date: 'Tue, 08 Aug 2017 23:26:15 GMT',
71 verbose headers   via: '1.1 varnish',
71 verbose headers   connection: 'keep-alive',
71 verbose headers   'x-served-by': 'cache-dfw1844-DFW',
71 verbose headers   'x-cache': 'MISS',
71 verbose headers   'x-cache-hits': '0',
71 verbose headers   'x-timer': 'S1502234776.699015,VS0,VE35',
71 verbose headers   vary: 'Accept-Encoding, Accept' }
72 silly get cb [ 200,
72 silly get   { server: 'nginx/1.10.1',
72 silly get     'content-type': 'application/json',
72 silly get     'last-modified': 'Tue, 08 Aug 2017 22:55:56 GMT',
72 silly get     etag: 'W/"598a417c-aebf"',
72 silly get     'content-encoding': 'gzip',
72 silly get     'cache-control': 'max-age=300',
72 silly get     'transfer-encoding': 'chunked',
72 silly get     'accept-ranges': 'bytes',
72 silly get     date: 'Tue, 08 Aug 2017 23:26:15 GMT',
72 silly get     via: '1.1 varnish',
72 silly get     connection: 'keep-alive',
72 silly get     'x-served-by': 'cache-dfw1844-DFW',
72 silly get     'x-cache': 'MISS',
72 silly get     'x-cache-hits': '0',
72 silly get     'x-timer': 'S1502234776.699015,VS0,VE35',
72 silly get     vary: 'Accept-Encoding, Accept' } ]
73 verbose get saving underscore to /Users/kcenturion/.npm/registry.npmjs.org/underscore/.cache.json
74 verbose correctMkdir /Users/kcenturion/.npm correctMkdir not in flight; initializing
75 silly cache afterAdd winston@2.3.1
76 verbose afterAdd /Users/kcenturion/.npm/winston/2.3.1/package/package.json not in flight; writing
77 verbose correctMkdir /Users/kcenturion/.npm correctMkdir not in flight; initializing
78 silly resolveWithNewModule underscore@1.8.3 checking installable status
79 silly cache add args [ 'underscore@^1.8.3', null ]
80 verbose cache add spec underscore@^1.8.3
81 silly cache add parsed spec Result {
81 silly cache add   raw: 'underscore@^1.8.3',
81 silly cache add   scope: null,
81 silly cache add   escapedName: 'underscore',
81 silly cache add   name: 'underscore',
81 silly cache add   rawSpec: '^1.8.3',
81 silly cache add   spec: '>=1.8.3 <2.0.0',
81 silly cache add   type: 'range' }
82 silly addNamed underscore@>=1.8.3 <2.0.0
83 verbose addNamed ">=1.8.3 <2.0.0" is a valid semver range for underscore
84 silly addNameRange { name: 'underscore', range: '>=1.8.3 <2.0.0', hasData: false }
85 silly mapToRegistry name underscore
86 silly mapToRegistry using default registry
87 silly mapToRegistry registry https://registry.npmjs.org/
88 silly mapToRegistry data Result {
88 silly mapToRegistry   raw: 'underscore',
88 silly mapToRegistry   scope: null,
88 silly mapToRegistry   escapedName: 'underscore',
88 silly mapToRegistry   name: 'underscore',
88 silly mapToRegistry   rawSpec: '',
88 silly mapToRegistry   spec: 'latest',
88 silly mapToRegistry   type: 'tag' }
89 silly mapToRegistry uri https://registry.npmjs.org/underscore
90 verbose addNameRange registry:https://registry.npmjs.org/underscore not in flight; fetching
91 verbose get https://registry.npmjs.org/underscore not expired, no request
92 silly addNameRange number 2 { name: 'underscore', range: '>=1.8.3 <2.0.0', hasData: true }
93 silly addNameRange versions [ 'underscore',
93 silly addNameRange   [ '1.0.3',
93 silly addNameRange     '1.0.4',
93 silly addNameRange     '1.1.0',
93 silly addNameRange     '1.1.1',
93 silly addNameRange     '1.1.2',
93 silly addNameRange     '1.1.3',
93 silly addNameRange     '1.1.4',
93 silly addNameRange     '1.1.5',
93 silly addNameRange     '1.1.6',
93 silly addNameRange     '1.1.7',
93 silly addNameRange     '1.2.0',
93 silly addNameRange     '1.2.1',
93 silly addNameRange     '1.2.2',
93 silly addNameRange     '1.2.3',
93 silly addNameRange     '1.2.4',
93 silly addNameRange     '1.3.0',
93 silly addNameRange     '1.3.1',
93 silly addNameRange     '1.3.2',
93 silly addNameRange     '1.3.3',
93 silly addNameRange     '1.4.0',
93 silly addNameRange     '1.4.1',
93 silly addNameRange     '1.4.2',
93 silly addNameRange     '1.4.3',
93 silly addNameRange     '1.4.4',
93 silly addNameRange     '1.5.0',
93 silly addNameRange     '1.5.1',
93 silly addNameRange     '1.5.2',
93 silly addNameRange     '1.6.0',
93 silly addNameRange     '1.7.0',
93 silly addNameRange     '1.8.0',
93 silly addNameRange     '1.8.1',
93 silly addNameRange     '1.8.2',
93 silly addNameRange     '1.8.3' ] ]
94 silly addNamed underscore@1.8.3
95 verbose addNamed "1.8.3" is a plain semver version for underscore
96 verbose afterAdd /Users/kcenturion/.npm/winston/2.3.1/package/package.json written
97 silly cache afterAdd underscore@1.8.3
98 verbose afterAdd /Users/kcenturion/.npm/underscore/1.8.3/package/package.json not in flight; writing
99 verbose correctMkdir /Users/kcenturion/.npm correctMkdir not in flight; initializing
100 verbose afterAdd /Users/kcenturion/.npm/underscore/1.8.3/package/package.json written
101 silly fetchNamedPackageData async
102 silly mapToRegistry name async
103 silly mapToRegistry using default registry
104 silly mapToRegistry registry https://registry.npmjs.org/
105 silly mapToRegistry data Result {
105 silly mapToRegistry   raw: 'async',
105 silly mapToRegistry   scope: null,
105 silly mapToRegistry   escapedName: 'async',
105 silly mapToRegistry   name: 'async',
105 silly mapToRegistry   rawSpec: '',
105 silly mapToRegistry   spec: 'latest',
105 silly mapToRegistry   type: 'tag' }
106 silly mapToRegistry uri https://registry.npmjs.org/async
107 silly fetchNamedPackageData colors
108 silly mapToRegistry name colors
109 silly mapToRegistry using default registry
110 silly mapToRegistry registry https://registry.npmjs.org/
111 silly mapToRegistry data Result {
111 silly mapToRegistry   raw: 'colors',
111 silly mapToRegistry   scope: null,
111 silly mapToRegistry   escapedName: 'colors',
111 silly mapToRegistry   name: 'colors',
111 silly mapToRegistry   rawSpec: '',
111 silly mapToRegistry   spec: 'latest',
111 silly mapToRegistry   type: 'tag' }
112 silly mapToRegistry uri https://registry.npmjs.org/colors
113 silly fetchNamedPackageData cycle
114 silly mapToRegistry name cycle
115 silly mapToRegistry using default registry
116 silly mapToRegistry registry https://registry.npmjs.org/
117 silly mapToRegistry data Result {
117 silly mapToRegistry   raw: 'cycle',
117 silly mapToRegistry   scope: null,
117 silly mapToRegistry   escapedName: 'cycle',
117 silly mapToRegistry   name: 'cycle',
117 silly mapToRegistry   rawSpec: '',
117 silly mapToRegistry   spec: 'latest',
117 silly mapToRegistry   type: 'tag' }
118 silly mapToRegistry uri https://registry.npmjs.org/cycle
119 silly fetchNamedPackageData eyes
120 silly mapToRegistry name eyes
121 silly mapToRegistry using default registry
122 silly mapToRegistry registry https://registry.npmjs.org/
123 silly mapToRegistry data Result {
123 silly mapToRegistry   raw: 'eyes',
123 silly mapToRegistry   scope: null,
123 silly mapToRegistry   escapedName: 'eyes',
123 silly mapToRegistry   name: 'eyes',
123 silly mapToRegistry   rawSpec: '',
123 silly mapToRegistry   spec: 'latest',
123 silly mapToRegistry   type: 'tag' }
124 silly mapToRegistry uri https://registry.npmjs.org/eyes
125 silly fetchNamedPackageData isstream
126 silly mapToRegistry name isstream
127 silly mapToRegistry using default registry
128 silly mapToRegistry registry https://registry.npmjs.org/
129 silly mapToRegistry data Result {
129 silly mapToRegistry   raw: 'isstream',
129 silly mapToRegistry   scope: null,
129 silly mapToRegistry   escapedName: 'isstream',
129 silly mapToRegistry   name: 'isstream',
129 silly mapToRegistry   rawSpec: '',
129 silly mapToRegistry   spec: 'latest',
129 silly mapToRegistry   type: 'tag' }
130 silly mapToRegistry uri https://registry.npmjs.org/isstream
131 silly fetchNamedPackageData stack-trace
132 silly mapToRegistry name stack-trace
133 silly mapToRegistry using default registry
134 silly mapToRegistry registry https://registry.npmjs.org/
135 silly mapToRegistry data Result {
135 silly mapToRegistry   raw: 'stack-trace',
135 silly mapToRegistry   scope: null,
135 silly mapToRegistry   escapedName: 'stack-trace',
135 silly mapToRegistry   name: 'stack-trace',
135 silly mapToRegistry   rawSpec: '',
135 silly mapToRegistry   spec: 'latest',
135 silly mapToRegistry   type: 'tag' }
136 silly mapToRegistry uri https://registry.npmjs.org/stack-trace
137 verbose request uri https://registry.npmjs.org/colors
138 verbose request no auth needed
139 info attempt registry request try #1 at 6:26:15 PM
140 verbose request using bearer token for auth
141 verbose etag W/"5981fe90-5a6d"
142 verbose lastModified Wed, 02 Aug 2017 16:32:16 GMT
143 http request GET https://registry.npmjs.org/colors
144 verbose request uri https://registry.npmjs.org/eyes
145 verbose request no auth needed
146 info attempt registry request try #1 at 6:26:15 PM
147 verbose request using bearer token for auth
148 verbose etag W/"59898cfb-2306"
149 verbose lastModified Tue, 08 Aug 2017 10:05:47 GMT
150 http request GET https://registry.npmjs.org/eyes
151 verbose request uri https://registry.npmjs.org/cycle
152 verbose request no auth needed
153 info attempt registry request try #1 at 6:26:15 PM
154 verbose request using bearer token for auth
155 verbose etag W/"52af44a5-1d9b"
156 verbose lastModified Mon, 16 Dec 2013 18:21:25 GMT
157 http request GET https://registry.npmjs.org/cycle
158 verbose request uri https://registry.npmjs.org/async
159 verbose request no auth needed
160 info attempt registry request try #1 at 6:26:15 PM
161 verbose request using bearer token for auth
162 verbose etag W/"5988cf81-21d3a"
163 verbose lastModified Mon, 07 Aug 2017 20:37:21 GMT
164 http request GET https://registry.npmjs.org/async
165 verbose request uri https://registry.npmjs.org/isstream
166 verbose request no auth needed
167 info attempt registry request try #1 at 6:26:15 PM
168 verbose request using bearer token for auth
169 verbose etag W/"58ed6c5c-1f49"
170 verbose lastModified Tue, 11 Apr 2017 23:53:00 GMT
171 http request GET https://registry.npmjs.org/isstream
172 verbose request uri https://registry.npmjs.org/stack-trace
173 verbose request no auth needed
174 info attempt registry request try #1 at 6:26:15 PM
175 verbose request using bearer token for auth
176 verbose etag W/"5976ba87-3a83"
177 verbose lastModified Tue, 25 Jul 2017 03:27:03 GMT
178 http request GET https://registry.npmjs.org/stack-trace
179 http 304 https://registry.npmjs.org/colors
180 verbose headers { server: 'nginx/1.10.1',
180 verbose headers   'last-modified': 'Wed, 02 Aug 2017 16:32:16 GMT',
180 verbose headers   etag: '"5981fe90-5a6d"',
180 verbose headers   'cache-control': 'max-age=300',
180 verbose headers   'accept-ranges': 'bytes',
180 verbose headers   date: 'Tue, 08 Aug 2017 23:26:15 GMT',
180 verbose headers   via: '1.1 varnish',
180 verbose headers   connection: 'keep-alive',
180 verbose headers   'x-served-by': 'cache-dfw1827-DFW',
180 verbose headers   'x-cache': 'MISS',
180 verbose headers   'x-cache-hits': '0',
180 verbose headers   'x-timer': 'S1502234776.868800,VS0,VE36',
180 verbose headers   vary: 'Accept-Encoding, Accept' }
181 silly get cb [ 304,
181 silly get   { server: 'nginx/1.10.1',
181 silly get     'last-modified': 'Wed, 02 Aug 2017 16:32:16 GMT',
181 silly get     etag: '"5981fe90-5a6d"',
181 silly get     'cache-control': 'max-age=300',
181 silly get     'accept-ranges': 'bytes',
181 silly get     date: 'Tue, 08 Aug 2017 23:26:15 GMT',
181 silly get     via: '1.1 varnish',
181 silly get     connection: 'keep-alive',
181 silly get     'x-served-by': 'cache-dfw1827-DFW',
181 silly get     'x-cache': 'MISS',
181 silly get     'x-cache-hits': '0',
181 silly get     'x-timer': 'S1502234776.868800,VS0,VE36',
181 silly get     vary: 'Accept-Encoding, Accept' } ]
182 verbose etag https://registry.npmjs.org/colors from cache
183 verbose get saving colors to /Users/kcenturion/.npm/registry.npmjs.org/colors/.cache.json
184 verbose correctMkdir /Users/kcenturion/.npm correctMkdir not in flight; initializing
185 http 304 https://registry.npmjs.org/eyes
186 verbose headers { server: 'nginx/1.10.1',
186 verbose headers   'last-modified': 'Tue, 08 Aug 2017 10:05:47 GMT',
186 verbose headers   etag: '"59898cfb-2306"',
186 verbose headers   'cache-control': 'max-age=300',
186 verbose headers   'accept-ranges': 'bytes',
186 verbose headers   date: 'Tue, 08 Aug 2017 23:26:15 GMT',
186 verbose headers   via: '1.1 varnish',
186 verbose headers   connection: 'keep-alive',
186 verbose headers   'x-served-by': 'cache-dfw1844-DFW',
186 verbose headers   'x-cache': 'MISS',
186 verbose headers   'x-cache-hits': '0',
186 verbose headers   'x-timer': 'S1502234776.878439,VS0,VE33',
186 verbose headers   vary: 'Accept-Encoding, Accept' }
187 silly get cb [ 304,
187 silly get   { server: 'nginx/1.10.1',
187 silly get     'last-modified': 'Tue, 08 Aug 2017 10:05:47 GMT',
187 silly get     etag: '"59898cfb-2306"',
187 silly get     'cache-control': 'max-age=300',
187 silly get     'accept-ranges': 'bytes',
187 silly get     date: 'Tue, 08 Aug 2017 23:26:15 GMT',
187 silly get     via: '1.1 varnish',
187 silly get     connection: 'keep-alive',
187 silly get     'x-served-by': 'cache-dfw1844-DFW',
187 silly get     'x-cache': 'MISS',
187 silly get     'x-cache-hits': '0',
187 silly get     'x-timer': 'S1502234776.878439,VS0,VE33',
187 silly get     vary: 'Accept-Encoding, Accept' } ]
188 verbose etag https://registry.npmjs.org/eyes from cache
189 verbose get saving eyes to /Users/kcenturion/.npm/registry.npmjs.org/eyes/.cache.json
190 verbose correctMkdir /Users/kcenturion/.npm correctMkdir not in flight; initializing
191 silly resolveWithNewModule colors@1.0.3 checking installable status
192 silly cache add args [ 'colors@1.0.x', null ]
193 verbose cache add spec colors@1.0.x
194 silly cache add parsed spec Result {
194 silly cache add   raw: 'colors@1.0.x',
194 silly cache add   scope: null,
194 silly cache add   escapedName: 'colors',
194 silly cache add   name: 'colors',
194 silly cache add   rawSpec: '1.0.x',
194 silly cache add   spec: '>=1.0.0 <1.1.0',
194 silly cache add   type: 'range' }
195 silly addNamed colors@>=1.0.0 <1.1.0
196 verbose addNamed ">=1.0.0 <1.1.0" is a valid semver range for colors
197 silly addNameRange { name: 'colors', range: '>=1.0.0 <1.1.0', hasData: false }
198 silly mapToRegistry name colors
199 silly mapToRegistry using default registry
200 silly mapToRegistry registry https://registry.npmjs.org/
201 silly mapToRegistry data Result {
201 silly mapToRegistry   raw: 'colors',
201 silly mapToRegistry   scope: null,
201 silly mapToRegistry   escapedName: 'colors',
201 silly mapToRegistry   name: 'colors',
201 silly mapToRegistry   rawSpec: '',
201 silly mapToRegistry   spec: 'latest',
201 silly mapToRegistry   type: 'tag' }
202 silly mapToRegistry uri https://registry.npmjs.org/colors
203 verbose addNameRange registry:https://registry.npmjs.org/colors not in flight; fetching
204 silly resolveWithNewModule eyes@0.1.8 checking installable status
205 silly cache add args [ 'eyes@0.1.x', null ]
206 verbose cache add spec eyes@0.1.x
207 silly cache add parsed spec Result {
207 silly cache add   raw: 'eyes@0.1.x',
207 silly cache add   scope: null,
207 silly cache add   escapedName: 'eyes',
207 silly cache add   name: 'eyes',
207 silly cache add   rawSpec: '0.1.x',
207 silly cache add   spec: '>=0.1.0 <0.2.0',
207 silly cache add   type: 'range' }
208 silly addNamed eyes@>=0.1.0 <0.2.0
209 verbose addNamed ">=0.1.0 <0.2.0" is a valid semver range for eyes
210 silly addNameRange { name: 'eyes', range: '>=0.1.0 <0.2.0', hasData: false }
211 silly mapToRegistry name eyes
212 silly mapToRegistry using default registry
213 silly mapToRegistry registry https://registry.npmjs.org/
214 silly mapToRegistry data Result {
214 silly mapToRegistry   raw: 'eyes',
214 silly mapToRegistry   scope: null,
214 silly mapToRegistry   escapedName: 'eyes',
214 silly mapToRegistry   name: 'eyes',
214 silly mapToRegistry   rawSpec: '',
214 silly mapToRegistry   spec: 'latest',
214 silly mapToRegistry   type: 'tag' }
215 silly mapToRegistry uri https://registry.npmjs.org/eyes
216 verbose addNameRange registry:https://registry.npmjs.org/eyes not in flight; fetching
217 verbose get https://registry.npmjs.org/colors not expired, no request
218 silly addNameRange number 2 { name: 'colors', range: '>=1.0.0 <1.1.0', hasData: true }
219 silly addNameRange versions [ 'colors',
219 silly addNameRange   [ '0.3.0',
219 silly addNameRange     '0.5.0',
219 silly addNameRange     '0.5.1',
219 silly addNameRange     '0.6.0',
219 silly addNameRange     '0.6.0-1',
219 silly addNameRange     '0.6.1',
219 silly addNameRange     '0.6.2',
219 silly addNameRange     '1.0.0',
219 silly addNameRange     '1.0.1',
219 silly addNameRange     '1.0.2',
219 silly addNameRange     '1.0.3',
219 silly addNameRange     '1.1.0',
219 silly addNameRange     '1.1.1',
219 silly addNameRange     '1.1.2' ] ]
220 silly addNamed colors@1.0.3
221 verbose addNamed "1.0.3" is a plain semver version for colors
222 verbose get https://registry.npmjs.org/eyes not expired, no request
223 silly addNameRange number 2 { name: 'eyes', range: '>=0.1.0 <0.2.0', hasData: true }
224 silly addNameRange versions [ 'eyes',
224 silly addNameRange   [ '0.1.1',
224 silly addNameRange     '0.1.2',
224 silly addNameRange     '0.1.3',
224 silly addNameRange     '0.1.4',
224 silly addNameRange     '0.1.5',
224 silly addNameRange     '0.1.6',
224 silly addNameRange     '0.1.7',
224 silly addNameRange     '0.1.8' ] ]
225 silly addNamed eyes@0.1.8
226 verbose addNamed "0.1.8" is a plain semver version for eyes
227 silly cache afterAdd eyes@0.1.8
228 verbose afterAdd /Users/kcenturion/.npm/eyes/0.1.8/package/package.json not in flight; writing
229 verbose correctMkdir /Users/kcenturion/.npm correctMkdir not in flight; initializing
230 silly cache afterAdd colors@1.0.3
231 verbose afterAdd /Users/kcenturion/.npm/colors/1.0.3/package/package.json not in flight; writing
232 verbose correctMkdir /Users/kcenturion/.npm correctMkdir not in flight; initializing
233 verbose afterAdd /Users/kcenturion/.npm/eyes/0.1.8/package/package.json written
234 verbose afterAdd /Users/kcenturion/.npm/colors/1.0.3/package/package.json written
235 http 304 https://registry.npmjs.org/cycle
236 verbose headers { server: 'nginx/1.10.1',
236 verbose headers   'last-modified': 'Mon, 16 Dec 2013 18:21:25 GMT',
236 verbose headers   etag: '"52af44a5-1d9b"',
236 verbose headers   'cache-control': 'max-age=300',
236 verbose headers   'accept-ranges': 'bytes',
236 verbose headers   date: 'Tue, 08 Aug 2017 23:26:16 GMT',
236 verbose headers   via: '1.1 varnish',
236 verbose headers   connection: 'keep-alive',
236 verbose headers   'x-served-by': 'cache-dfw1834-DFW',
236 verbose headers   'x-cache': 'MISS',
236 verbose headers   'x-cache-hits': '0',
236 verbose headers   'x-timer': 'S1502234776.979514,VS0,VE32',
236 verbose headers   vary: 'Accept-Encoding, Accept' }
237 silly get cb [ 304,
237 silly get   { server: 'nginx/1.10.1',
237 silly get     'last-modified': 'Mon, 16 Dec 2013 18:21:25 GMT',
237 silly get     etag: '"52af44a5-1d9b"',
237 silly get     'cache-control': 'max-age=300',
237 silly get     'accept-ranges': 'bytes',
237 silly get     date: 'Tue, 08 Aug 2017 23:26:16 GMT',
237 silly get     via: '1.1 varnish',
237 silly get     connection: 'keep-alive',
237 silly get     'x-served-by': 'cache-dfw1834-DFW',
237 silly get     'x-cache': 'MISS',
237 silly get     'x-cache-hits': '0',
237 silly get     'x-timer': 'S1502234776.979514,VS0,VE32',
237 silly get     vary: 'Accept-Encoding, Accept' } ]
238 verbose etag https://registry.npmjs.org/cycle from cache
239 verbose get saving cycle to /Users/kcenturion/.npm/registry.npmjs.org/cycle/.cache.json
240 verbose correctMkdir /Users/kcenturion/.npm correctMkdir not in flight; initializing
241 http 304 https://registry.npmjs.org/stack-trace
242 verbose headers { server: 'nginx/1.10.1',
242 verbose headers   'last-modified': 'Tue, 25 Jul 2017 03:27:03 GMT',
242 verbose headers   etag: '"5976ba87-3a83"',
242 verbose headers   'cache-control': 'max-age=300',
242 verbose headers   'accept-ranges': 'bytes',
242 verbose headers   date: 'Tue, 08 Aug 2017 23:26:16 GMT',
242 verbose headers   via: '1.1 varnish',
242 verbose headers   connection: 'keep-alive',
242 verbose headers   'x-served-by': 'cache-dfw1823-DFW',
242 verbose headers   'x-cache': 'MISS',
242 verbose headers   'x-cache-hits': '0',
242 verbose headers   'x-timer': 'S1502234776.984545,VS0,VE35',
242 verbose headers   vary: 'Accept-Encoding, Accept' }
243 silly get cb [ 304,
243 silly get   { server: 'nginx/1.10.1',
243 silly get     'last-modified': 'Tue, 25 Jul 2017 03:27:03 GMT',
243 silly get     etag: '"5976ba87-3a83"',
243 silly get     'cache-control': 'max-age=300',
243 silly get     'accept-ranges': 'bytes',
243 silly get     date: 'Tue, 08 Aug 2017 23:26:16 GMT',
243 silly get     via: '1.1 varnish',
243 silly get     connection: 'keep-alive',
243 silly get     'x-served-by': 'cache-dfw1823-DFW',
243 silly get     'x-cache': 'MISS',
243 silly get     'x-cache-hits': '0',
243 silly get     'x-timer': 'S1502234776.984545,VS0,VE35',
243 silly get     vary: 'Accept-Encoding, Accept' } ]
244 verbose etag https://registry.npmjs.org/stack-trace from cache
245 verbose get saving stack-trace to /Users/kcenturion/.npm/registry.npmjs.org/stack-trace/.cache.json
246 verbose correctMkdir /Users/kcenturion/.npm correctMkdir not in flight; initializing
247 silly resolveWithNewModule stack-trace@0.0.10 checking installable status
248 silly cache add args [ 'stack-trace@0.0.x', null ]
249 verbose cache add spec stack-trace@0.0.x
250 silly cache add parsed spec Result {
250 silly cache add   raw: 'stack-trace@0.0.x',
250 silly cache add   scope: null,
250 silly cache add   escapedName: 'stack-trace',
250 silly cache add   name: 'stack-trace',
250 silly cache add   rawSpec: '0.0.x',
250 silly cache add   spec: '>=0.0.0 <0.1.0',
250 silly cache add   type: 'range' }
251 silly addNamed stack-trace@>=0.0.0 <0.1.0
252 verbose addNamed ">=0.0.0 <0.1.0" is a valid semver range for stack-trace
253 silly addNameRange { name: 'stack-trace', range: '>=0.0.0 <0.1.0', hasData: false }
254 silly mapToRegistry name stack-trace
255 silly mapToRegistry using default registry
256 silly mapToRegistry registry https://registry.npmjs.org/
257 silly mapToRegistry data Result {
257 silly mapToRegistry   raw: 'stack-trace',
257 silly mapToRegistry   scope: null,
257 silly mapToRegistry   escapedName: 'stack-trace',
257 silly mapToRegistry   name: 'stack-trace',
257 silly mapToRegistry   rawSpec: '',
257 silly mapToRegistry   spec: 'latest',
257 silly mapToRegistry   type: 'tag' }
258 silly mapToRegistry uri https://registry.npmjs.org/stack-trace
259 verbose addNameRange registry:https://registry.npmjs.org/stack-trace not in flight; fetching
260 silly resolveWithNewModule cycle@1.0.3 checking installable status
261 silly cache add args [ 'cycle@1.0.x', null ]
262 verbose cache add spec cycle@1.0.x
263 silly cache add parsed spec Result {
263 silly cache add   raw: 'cycle@1.0.x',
263 silly cache add   scope: null,
263 silly cache add   escapedName: 'cycle',
263 silly cache add   name: 'cycle',
263 silly cache add   rawSpec: '1.0.x',
263 silly cache add   spec: '>=1.0.0 <1.1.0',
263 silly cache add   type: 'range' }
264 silly addNamed cycle@>=1.0.0 <1.1.0
265 verbose addNamed ">=1.0.0 <1.1.0" is a valid semver range for cycle
266 silly addNameRange { name: 'cycle', range: '>=1.0.0 <1.1.0', hasData: false }
267 silly mapToRegistry name cycle
268 silly mapToRegistry using default registry
269 silly mapToRegistry registry https://registry.npmjs.org/
270 silly mapToRegistry data Result {
270 silly mapToRegistry   raw: 'cycle',
270 silly mapToRegistry   scope: null,
270 silly mapToRegistry   escapedName: 'cycle',
270 silly mapToRegistry   name: 'cycle',
270 silly mapToRegistry   rawSpec: '',
270 silly mapToRegistry   spec: 'latest',
270 silly mapToRegistry   type: 'tag' }
271 silly mapToRegistry uri https://registry.npmjs.org/cycle
272 verbose addNameRange registry:https://registry.npmjs.org/cycle not in flight; fetching
273 verbose get https://registry.npmjs.org/stack-trace not expired, no request
274 silly addNameRange number 2 { name: 'stack-trace', range: '>=0.0.0 <0.1.0', hasData: true }
275 silly addNameRange versions [ 'stack-trace',
275 silly addNameRange   [ '0.0.1',
275 silly addNameRange     '0.0.2',
275 silly addNameRange     '0.0.3',
275 silly addNameRange     '0.0.4',
275 silly addNameRange     '0.0.5',
275 silly addNameRange     '0.0.6',
275 silly addNameRange     '0.0.7',
275 silly addNameRange     '0.0.8',
275 silly addNameRange     '0.0.9',
275 silly addNameRange     '0.0.10' ] ]
276 silly addNamed stack-trace@0.0.10
277 verbose addNamed "0.0.10" is a plain semver version for stack-trace
278 verbose get https://registry.npmjs.org/cycle not expired, no request
279 silly addNameRange number 2 { name: 'cycle', range: '>=1.0.0 <1.1.0', hasData: true }
280 silly addNameRange versions [ 'cycle', [ '1.0.0', '1.0.1', '1.0.2', '1.0.3' ] ]
281 silly addNamed cycle@1.0.3
282 verbose addNamed "1.0.3" is a plain semver version for cycle
283 silly cache afterAdd stack-trace@0.0.10
284 verbose afterAdd /Users/kcenturion/.npm/stack-trace/0.0.10/package/package.json not in flight; writing
285 verbose correctMkdir /Users/kcenturion/.npm correctMkdir not in flight; initializing
286 silly cache afterAdd cycle@1.0.3
287 verbose afterAdd /Users/kcenturion/.npm/cycle/1.0.3/package/package.json not in flight; writing
288 verbose correctMkdir /Users/kcenturion/.npm correctMkdir not in flight; initializing
289 verbose afterAdd /Users/kcenturion/.npm/stack-trace/0.0.10/package/package.json written
290 verbose afterAdd /Users/kcenturion/.npm/cycle/1.0.3/package/package.json written
291 http 304 https://registry.npmjs.org/isstream
292 verbose headers { server: 'nginx/1.10.1',
292 verbose headers   'last-modified': 'Tue, 11 Apr 2017 23:53:00 GMT',
292 verbose headers   etag: '"58ed6c5c-1f49"',
292 verbose headers   'cache-control': 'max-age=300',
292 verbose headers   'accept-ranges': 'bytes',
292 verbose headers   date: 'Tue, 08 Aug 2017 23:26:16 GMT',
292 verbose headers   via: '1.1 varnish',
292 verbose headers   connection: 'keep-alive',
292 verbose headers   'x-served-by': 'cache-dfw1826-DFW',
292 verbose headers   'x-cache': 'MISS',
292 verbose headers   'x-cache-hits': '0',
292 verbose headers   'x-timer': 'S1502234776.979546,VS0,VE171',
292 verbose headers   vary: 'Accept-Encoding, Accept' }
293 silly get cb [ 304,
293 silly get   { server: 'nginx/1.10.1',
293 silly get     'last-modified': 'Tue, 11 Apr 2017 23:53:00 GMT',
293 silly get     etag: '"58ed6c5c-1f49"',
293 silly get     'cache-control': 'max-age=300',
293 silly get     'accept-ranges': 'bytes',
293 silly get     date: 'Tue, 08 Aug 2017 23:26:16 GMT',
293 silly get     via: '1.1 varnish',
293 silly get     connection: 'keep-alive',
293 silly get     'x-served-by': 'cache-dfw1826-DFW',
293 silly get     'x-cache': 'MISS',
293 silly get     'x-cache-hits': '0',
293 silly get     'x-timer': 'S1502234776.979546,VS0,VE171',
293 silly get     vary: 'Accept-Encoding, Accept' } ]
294 verbose etag https://registry.npmjs.org/isstream from cache
295 verbose get saving isstream to /Users/kcenturion/.npm/registry.npmjs.org/isstream/.cache.json
296 verbose correctMkdir /Users/kcenturion/.npm correctMkdir not in flight; initializing
297 silly resolveWithNewModule isstream@0.1.2 checking installable status
298 silly cache add args [ 'isstream@0.1.x', null ]
299 verbose cache add spec isstream@0.1.x
300 silly cache add parsed spec Result {
300 silly cache add   raw: 'isstream@0.1.x',
300 silly cache add   scope: null,
300 silly cache add   escapedName: 'isstream',
300 silly cache add   name: 'isstream',
300 silly cache add   rawSpec: '0.1.x',
300 silly cache add   spec: '>=0.1.0 <0.2.0',
300 silly cache add   type: 'range' }
301 silly addNamed isstream@>=0.1.0 <0.2.0
302 verbose addNamed ">=0.1.0 <0.2.0" is a valid semver range for isstream
303 silly addNameRange { name: 'isstream', range: '>=0.1.0 <0.2.0', hasData: false }
304 silly mapToRegistry name isstream
305 silly mapToRegistry using default registry
306 silly mapToRegistry registry https://registry.npmjs.org/
307 silly mapToRegistry data Result {
307 silly mapToRegistry   raw: 'isstream',
307 silly mapToRegistry   scope: null,
307 silly mapToRegistry   escapedName: 'isstream',
307 silly mapToRegistry   name: 'isstream',
307 silly mapToRegistry   rawSpec: '',
307 silly mapToRegistry   spec: 'latest',
307 silly mapToRegistry   type: 'tag' }
308 silly mapToRegistry uri https://registry.npmjs.org/isstream
309 verbose addNameRange registry:https://registry.npmjs.org/isstream not in flight; fetching
310 verbose get https://registry.npmjs.org/isstream not expired, no request
311 silly addNameRange number 2 { name: 'isstream', range: '>=0.1.0 <0.2.0', hasData: true }
312 silly addNameRange versions [ 'isstream', [ '0.0.0', '0.1.0', '0.1.1', '0.1.2' ] ]
313 silly addNamed isstream@0.1.2
314 verbose addNamed "0.1.2" is a plain semver version for isstream
315 silly cache afterAdd isstream@0.1.2
316 verbose afterAdd /Users/kcenturion/.npm/isstream/0.1.2/package/package.json not in flight; writing
317 verbose correctMkdir /Users/kcenturion/.npm correctMkdir not in flight; initializing
318 verbose afterAdd /Users/kcenturion/.npm/isstream/0.1.2/package/package.json written
319 http 304 https://registry.npmjs.org/async
320 verbose headers { server: 'nginx/1.10.1',
320 verbose headers   'last-modified': 'Mon, 07 Aug 2017 20:37:21 GMT',
320 verbose headers   etag: '"5988cf81-21d3a"',
320 verbose headers   'cache-control': 'max-age=300',
320 verbose headers   'accept-ranges': 'bytes',
320 verbose headers   date: 'Tue, 08 Aug 2017 23:26:16 GMT',
320 verbose headers   via: '1.1 varnish',
320 verbose headers   connection: 'keep-alive',
320 verbose headers   'x-served-by': 'cache-dfw1820-DFW',
320 verbose headers   'x-cache': 'MISS',
320 verbose headers   'x-cache-hits': '0',
320 verbose headers   'x-timer': 'S1502234776.979477,VS0,VE265',
320 verbose headers   vary: 'Accept-Encoding, Accept' }
321 silly get cb [ 304,
321 silly get   { server: 'nginx/1.10.1',
321 silly get     'last-modified': 'Mon, 07 Aug 2017 20:37:21 GMT',
321 silly get     etag: '"5988cf81-21d3a"',
321 silly get     'cache-control': 'max-age=300',
321 silly get     'accept-ranges': 'bytes',
321 silly get     date: 'Tue, 08 Aug 2017 23:26:16 GMT',
321 silly get     via: '1.1 varnish',
321 silly get     connection: 'keep-alive',
321 silly get     'x-served-by': 'cache-dfw1820-DFW',
321 silly get     'x-cache': 'MISS',
321 silly get     'x-cache-hits': '0',
321 silly get     'x-timer': 'S1502234776.979477,VS0,VE265',
321 silly get     vary: 'Accept-Encoding, Accept' } ]
322 verbose etag https://registry.npmjs.org/async from cache
323 verbose get saving async to /Users/kcenturion/.npm/registry.npmjs.org/async/.cache.json
324 verbose correctMkdir /Users/kcenturion/.npm correctMkdir not in flight; initializing
325 silly resolveWithNewModule async@1.0.0 checking installable status
326 silly cache add args [ 'async@~1.0.0', null ]
327 verbose cache add spec async@~1.0.0
328 silly cache add parsed spec Result {
328 silly cache add   raw: 'async@~1.0.0',
328 silly cache add   scope: null,
328 silly cache add   escapedName: 'async',
328 silly cache add   name: 'async',
328 silly cache add   rawSpec: '~1.0.0',
328 silly cache add   spec: '>=1.0.0 <1.1.0',
328 silly cache add   type: 'range' }
329 silly addNamed async@>=1.0.0 <1.1.0
330 verbose addNamed ">=1.0.0 <1.1.0" is a valid semver range for async
331 silly addNameRange { name: 'async', range: '>=1.0.0 <1.1.0', hasData: false }
332 silly mapToRegistry name async
333 silly mapToRegistry using default registry
334 silly mapToRegistry registry https://registry.npmjs.org/
335 silly mapToRegistry data Result {
335 silly mapToRegistry   raw: 'async',
335 silly mapToRegistry   scope: null,
335 silly mapToRegistry   escapedName: 'async',
335 silly mapToRegistry   name: 'async',
335 silly mapToRegistry   rawSpec: '',
335 silly mapToRegistry   spec: 'latest',
335 silly mapToRegistry   type: 'tag' }
336 silly mapToRegistry uri https://registry.npmjs.org/async
337 verbose addNameRange registry:https://registry.npmjs.org/async not in flight; fetching
338 verbose get https://registry.npmjs.org/async not expired, no request
339 silly addNameRange number 2 { name: 'async', range: '>=1.0.0 <1.1.0', hasData: true }
340 silly addNameRange versions [ 'async',
340 silly addNameRange   [ '0.1.0',
340 silly addNameRange     '0.1.1',
340 silly addNameRange     '0.1.2',
340 silly addNameRange     '0.1.3',
340 silly addNameRange     '0.1.4',
340 silly addNameRange     '0.1.5',
340 silly addNameRange     '0.1.6',
340 silly addNameRange     '0.1.7',
340 silly addNameRange     '0.1.8',
340 silly addNameRange     '0.1.9',
340 silly addNameRange     '0.1.10',
340 silly addNameRange     '0.1.11',
340 silly addNameRange     '0.1.12',
340 silly addNameRange     '0.1.13',
340 silly addNameRange     '0.1.14',
340 silly addNameRange     '0.1.15',
340 silly addNameRange     '0.1.16',
340 silly addNameRange     '0.1.17',
340 silly addNameRange     '0.1.18',
340 silly addNameRange     '0.1.19',
340 silly addNameRange     '0.1.20',
340 silly addNameRange     '0.1.21',
340 silly addNameRange     '0.1.22',
340 silly addNameRange     '0.2.0',
340 silly addNameRange     '0.2.1',
340 silly addNameRange     '0.2.2',
340 silly addNameRange     '0.2.3',
340 silly addNameRange     '0.2.4',
340 silly addNameRange     '0.2.5',
340 silly addNameRange     '0.2.6',
340 silly addNameRange     '0.2.7',
340 silly addNameRange     '0.2.8',
340 silly addNameRange     '0.2.9',
340 silly addNameRange     '0.2.10',
340 silly addNameRange     '0.3.0',
340 silly addNameRange     '0.4.0',
340 silly addNameRange     '0.4.1',
340 silly addNameRange     '0.5.0',
340 silly addNameRange     '0.6.0',
340 silly addNameRange     '0.6.1',
340 silly addNameRange     '0.6.2',
340 silly addNameRange     '0.7.0',
340 silly addNameRange     '0.8.0',
340 silly addNameRange     '0.9.0',
340 silly addNameRange     '0.9.2',
340 silly addNameRange     '1.0.0',
340 silly addNameRange     '1.1.0',
340 silly addNameRange     '1.2.0',
340 silly addNameRange     '1.1.1',
340 silly addNameRange     '1.2.1',
340 silly addNameRange     '1.3.0',
340 silly addNameRange     '1.4.0',
340 silly addNameRange     '1.4.1',
340 silly addNameRange     '1.4.2',
340 silly addNameRange     '1.5.0',
340 silly addNameRange     '1.5.1',
340 silly addNameRange     '1.5.2',
340 silly addNameRange     '2.0.0-alpha.0',
340 silly addNameRange     '2.0.0-rc.1',
340 silly addNameRange     '2.0.0-rc.2',
340 silly addNameRange     '2.0.0-rc.3',
340 silly addNameRange     '2.0.0-rc.4',
340 silly addNameRange     '2.0.0-rc.5',
340 silly addNameRange     '2.0.0-rc.6',
340 silly addNameRange     '2.0.0',
340 silly addNameRange     '2.0.1',
340 silly addNameRange     '2.1.0',
340 silly addNameRange     '2.1.1',
340 silly addNameRange     '2.1.2',
340 silly addNameRange     '2.1.4',
340 silly addNameRange     '2.1.5',
340 silly addNameRange     '2.2.0',
340 silly addNameRange     '2.3.0',
340 silly addNameRange     '2.4.0',
340 silly addNameRange     '2.4.1',
340 silly addNameRange     '2.5.0' ] ]
341 silly addNamed async@1.0.0
342 verbose addNamed "1.0.0" is a plain semver version for async
343 silly cache afterAdd async@1.0.0
344 verbose afterAdd /Users/kcenturion/.npm/async/1.0.0/package/package.json not in flight; writing
345 verbose correctMkdir /Users/kcenturion/.npm correctMkdir not in flight; initializing
346 verbose afterAdd /Users/kcenturion/.npm/async/1.0.0/package/package.json written
347 silly loadAllDepsIntoIdealTree Finishing
348 silly loadIdealTree Finishing
349 silly currentTree iseeyou@1.0.0
349 silly currentTree └─┬ nodatron@2.0.0
349 silly currentTree   ├── async@1.0.0
349 silly currentTree   ├── colors@1.0.3
349 silly currentTree   ├── cycle@1.0.3
349 silly currentTree   ├── eyes@0.1.8
349 silly currentTree   ├── isstream@0.1.2
349 silly currentTree   ├── stack-trace@0.0.10
349 silly currentTree   ├── underscore@1.8.3
349 silly currentTree   └── winston@2.3.1
350 silly idealTree iseeyou@1.0.0
350 silly idealTree ├── async@1.0.0
350 silly idealTree ├── colors@1.0.3
350 silly idealTree ├── cycle@1.0.3
350 silly idealTree ├── eyes@0.1.8
350 silly idealTree ├── isstream@0.1.2
350 silly idealTree ├─┬ nodatron@2.0.0
350 silly idealTree │ ├── async@1.0.0
350 silly idealTree │ ├── colors@1.0.3
350 silly idealTree │ ├── cycle@1.0.3
350 silly idealTree │ ├── eyes@0.1.8
350 silly idealTree │ ├── isstream@0.1.2
350 silly idealTree │ ├── stack-trace@0.0.10
350 silly idealTree │ ├── underscore@1.8.3
350 silly idealTree │ └── winston@2.3.1
350 silly idealTree ├── stack-trace@0.0.10
350 silly idealTree ├── underscore@1.8.3
350 silly idealTree └── winston@2.3.1
351 silly generateActionsToTake Starting
352 silly install generateActionsToTake
353 silly rollbackFailedOptional Starting
354 silly rollbackFailedOptional Finishing
355 silly runTopLevelLifecycles Finishing
356 silly install printInstalled
357 verbose stack Error: /Users/kcenturion/Dev/iseeyou/node_modules/nodatron: Appears to be a git repo or submodule.
357 verbose stack     at /usr/local/lib/node_modules/npm/node_modules/npm-install-checks/index.js:137:15
357 verbose stack     at /usr/local/lib/node_modules/npm/node_modules/graceful-fs/polyfills.js:267:18
357 verbose stack     at FSReqWrap.oncomplete (fs.js:123:15)
358 verbose cwd /Users/kcenturion/Dev/iseeyou
359 error Darwin 15.5.0
360 error argv "/usr/local/bin/node" "/usr/local/bin/npm" "install"
361 error node v6.9.2
362 error npm  v3.10.9
363 error path /Users/kcenturion/Dev/iseeyou/node_modules/nodatron
364 error code EISGIT
365 error git /Users/kcenturion/Dev/iseeyou/node_modules/nodatron: Appears to be a git repo or submodule.
366 error git /Users/kcenturion/Dev/iseeyou/node_modules/nodatron
367 error git Refusing to remove it. Update manually,
367 error git or move it out of the way first.
368 verbose exit [ 1, true ]
